<?xml version="1.0" encoding="UTF-8"?>
<testng-results ignored="0" total="1" passed="1" failed="0" skipped="0">
  <reporter-output>
  </reporter-output>
  <suite started-at="2023-09-24T14:44:29 CDT" name="Default suite" finished-at="2023-09-24T14:44:34 CDT" duration-ms="4366">
    <groups>
    </groups>
    <test started-at="2023-09-24T14:44:29 CDT" name="Default test" finished-at="2023-09-24T14:44:34 CDT" duration-ms="4366">
      <class name="variousConcepts.TestNGtest">
        <test-method is-config="true" signature="launch()[pri:0, instance:variousConcepts.TestNGtest@543588e6]" started-at="2023-09-24T14:44:29 CDT" name="launch" finished-at="2023-09-24T14:44:33 CDT" duration-ms="4317" status="PASS">
          <reporter-output>
          </reporter-output>
        </test-method> <!-- launch -->
        <test-method signature="click()[pri:0, instance:variousConcepts.TestNGtest@543588e6]" started-at="2023-09-24T14:44:33 CDT" name="click" finished-at="2023-09-24T14:44:34 CDT" duration-ms="5" status="PASS">
          <reporter-output>
          </reporter-output>
        </test-method> <!-- click -->
      </class> <!-- variousConcepts.TestNGtest -->
    </test> <!-- Default test -->
  </suite> <!-- Default suite -->
</testng-results>
